\u256d\u2500\u2500\u2500\u2500\u2500\u2500\u2500\u2500\u2500\u2500\u2500\u2500\u2500\u2500\u2500\u2500\u2500\u2500\u2500\u2500\u2500 Traceback (most recent call last) \u2500\u2500\u2500\u2500\u2500\u2500\u2500\u2500\u2500\u2500\u2500\u2500\u2500\u2500\u2500\u2500\u2500\u2500\u2500\u2500\u2500\u2500
\u2502 F:\work\rice-factor\rice_factor\entrypoints\tui\app.py:249 in on_mount       
\u2502                                                                              
\u2502   246 \u2502                                                                      
\u2502   247 \u2502   def on_mount(self) -> None:                                        
\u2502   248 \u2502   \u2502   """Handle app mount event."""                                  
\u2502 \u2771 249 \u2502   \u2502   self.refresh_status()                                          
\u2502   250 \u2502                                                                      
\u2502   251 \u2502   def refresh_status(self) -> None:                                  
\u2502   252 \u2502   \u2502   """Refresh the status bar with current phase info."""          
\u2502                                                                              
\u2502 \u256d\u2500\u2500\u2500\u2500\u2500\u2500\u2500\u2500\u2500\u2500\u2500\u2500\u2500\u2500\u2500\u2500\u2500\u2500 locals \u2500\u2500\u2500\u2500\u2500\u2500\u2500\u2500\u2500\u2500\u2500\u2500\u2500\u2500\u2500\u2500\u2500\u2500\u2500\u256e                              
\u2502 \u2502 self = RiceFactorTUI(                       \u2502                              
\u2502 \u2502        \u2502   title='Rice-Factor',             \u2502                              
\u2502 \u2502        \u2502   classes={'-dark-mode'},          \u2502                              
\u2502 \u2502        \u2502   pseudo_classes={                 \u2502                              
\u2502 \u2502        \u2502   \u2502   'focus',                     \u2502                              
\u2502 \u2502        \u2502   \u2502   'dark'                       \u2502                              
\u2502 \u2502        \u2502   }                                \u2502                              
\u2502 \u2502        )                                    \u2502                              
\u2502 \u2570\u2500\u2500\u2500\u2500\u2500\u2500\u2500\u2500\u2500\u2500\u2500\u2500\u2500\u2500\u2500\u2500\u2500\u2500\u2500\u2500\u2500\u2500\u2500\u2500\u2500\u2500\u2500\u2500\u2500\u2500\u2500\u2500\u2500\u2500\u2500\u2500\u2500\u2500\u2500\u2500\u2500\u2500\u2500\u2500\u2500\u256f                              
\u2502                                                                              
\u2502 F:\work\rice-factor\rice_factor\entrypoints\tui\app.py:258 in refresh_status 
\u2502                                                                              
\u2502   255 \u2502   \u2502   \u2502   phase = self._phase_service.get_current_phase()            
\u2502   256 \u2502   \u2502   \u2502   status_bar.update_phase(phase.value)                       
\u2502   257 \u2502   \u2502   else:                                                          
\u2502 \u2771 258 \u2502   \u2502   \u2502   status_bar.update_phase("unknown")                         
\u2502   259 \u2502                                                                      
\u2502   260 \u2502   def action_switch_tab(self, tab_id: str) -> None:                  
\u2502   261 \u2502   \u2502   """Switch to a specific tab.                                   
\u2502                                                                              
\u2502 \u256d\u2500\u2500\u2500\u2500\u2500\u2500\u2500\u2500\u2500\u2500\u2500\u2500\u2500\u2500\u2500\u2500\u2500\u2500\u2500\u2500\u2500 locals \u2500\u2500\u2500\u2500\u2500\u2500\u2500\u2500\u2500\u2500\u2500\u2500\u2500\u2500\u2500\u2500\u2500\u2500\u2500\u2500\u2500\u2500\u256e                        
\u2502 \u2502       self = RiceFactorTUI(                       \u2502                        
\u2502 \u2502              \u2502   title='Rice-Factor',             \u2502                        
\u2502 \u2502              \u2502   classes={'-dark-mode'},          \u2502                        
\u2502 \u2502              \u2502   pseudo_classes={                 \u2502                        
\u2502 \u2502              \u2502   \u2502   'focus',                     \u2502                        
\u2502 \u2502              \u2502   \u2502   'dark'                       \u2502                        
\u2502 \u2502              \u2502   }                                \u2502                        
\u2502 \u2502              )                                    \u2502                        
\u2502 \u2502 status_bar = StatusBar()                          \u2502                        
\u2502 \u2570\u2500\u2500\u2500\u2500\u2500\u2500\u2500\u2500\u2500\u2500\u2500\u2500\u2500\u2500\u2500\u2500\u2500\u2500\u2500\u2500\u2500\u2500\u2500\u2500\u2500\u2500\u2500\u2500\u2500\u2500\u2500\u2500\u2500\u2500\u2500\u2500\u2500\u2500\u2500\u2500\u2500\u2500\u2500\u2500\u2500\u2500\u2500\u2500\u2500\u2500\u2500\u256f                        
\u2502                                                                              
\u2502 F:\work\rice-factor\rice_factor\entrypoints\tui\widgets\status_bar.py:77 in  
\u2502 update_phase                                                                 
\u2502                                                                              
\u2502   74 \u2502   \u2502   \u2502   phase: New phase value to display.                          
\u2502   75 \u2502   \u2502   """                                                             
\u2502   76 \u2502   \u2502   self._phase = phase                                             
\u2502 \u2771 77 \u2502   \u2502   self._refresh_display()                                         
\u2502   78 \u2502                                                                       
\u2502   79 \u2502   def update_message(self, message: str) -> None:                     
\u2502   80 \u2502   \u2502   """Update the status message.                                   
\u2502                                                                              
\u2502 \u256d\u2500\u2500\u2500\u2500\u2500\u2500 locals \u2500\u2500\u2500\u2500\u2500\u2500\u2500\u256e                                                      
\u2502 \u2502 phase = 'unknown'   \u2502                                                      
\u2502 \u2502  self = StatusBar() \u2502                                                      
\u2502 \u2570\u2500\u2500\u2500\u2500\u2500\u2500\u2500\u2500\u2500\u2500\u2500\u2500\u2500\u2500\u2500\u2500\u2500\u2500\u2500\u2500\u2500\u256f                                                      
\u2502                                                                              
\u2502 F:\work\rice-factor\rice_factor\entrypoints\tui\widgets\status_bar.py:91 in  
\u2502 _refresh_display                                                             
\u2502                                                                              
\u2502   88 \u2502   def _refresh_display(self) -> None:                                 
\u2502   89 \u2502   \u2502   """Refresh the status bar display."""                           
\u2502   90 \u2502   \u2502   self.remove_children()                                          
\u2502 \u2771 91 \u2502   \u2502   self.mount_all(list(self.compose()))                            
\u2502   92                                                                         
\u2502                                                                              
\u2502 \u256d\u2500\u2500\u2500\u2500\u2500\u2500 locals \u2500\u2500\u2500\u2500\u2500\u2500\u256e                                                       
\u2502 \u2502 self = StatusBar() \u2502                                                       
\u2502 \u2570\u2500\u2500\u2500\u2500\u2500\u2500\u2500\u2500\u2500\u2500\u2500\u2500\u2500\u2500\u2500\u2500\u2500\u2500\u2500\u2500\u256f                                                       
\u2502                                                                              
\u2502 F:\work\rice-factor\rice_factor\entrypoints\tui\widgets\status_bar.py:62 in  
\u2502 compose                                                                      
\u2502                                                                              
\u2502   59 \u2502   \u2502   Yields:                                                         
\u2502   60 \u2502   \u2502   \u2502   UI components.                                              
\u2502   61 \u2502   \u2502   """                                                             
\u2502 \u2771 62 \u2502   \u2502   with Horizontal():                                              
\u2502   63 \u2502   \u2502   \u2502   yield Label(f"Phase: {self._phase}", classes="status-sectio 
\u2502   64 \u2502   \u2502   \u2502   yield Label("|", classes="separator")                       
\u2502   65 \u2502   \u2502   \u2502   yield Label(                                                
\u2502                                                                              
\u2502 \u256d\u2500\u2500\u2500\u2500\u2500\u2500 locals \u2500\u2500\u2500\u2500\u2500\u2500\u256e                                                       
\u2502 \u2502 self = StatusBar() \u2502                                                       
\u2502 \u2570\u2500\u2500\u2500\u2500\u2500\u2500\u2500\u2500\u2500\u2500\u2500\u2500\u2500\u2500\u2500\u2500\u2500\u2500\u2500\u2500\u256f                                                       
\u2502                                                                              
\u2502 F:\work\rice-factor\.venv\Lib\site-packages\textual\widget.py:983 in         
\u2502 __enter__                                                                    
\u2502                                                                              
\u2502    980 \u2502                                                                     
\u2502    981 \u2502   def __enter__(self) -> Self:                                      
\u2502    982 \u2502   \u2502   """Use as context manager when composing."""                  
\u2502 \u2771  983 \u2502   \u2502   self.app._compose_stacks[-1].append(self)                     
\u2502    984 \u2502   \u2502   return self                                                   
\u2502    985 \u2502                                                                     
\u2502    986 \u2502   def __exit__(                                                     
\u2502                                                                              
\u2502 \u256d\u2500\u2500\u2500\u2500\u2500\u2500 locals \u2500\u2500\u2500\u2500\u2500\u2500\u2500\u256e                                                      
\u2502 \u2502 self = Horizontal() \u2502                                                      
\u2502 \u2570\u2500\u2500\u2500\u2500\u2500\u2500\u2500\u2500\u2500\u2500\u2500\u2500\u2500\u2500\u2500\u2500\u2500\u2500\u2500\u2500\u2500\u256f                                                      
\u2570\u2500\u2500\u2500\u2500\u2500\u2500\u2500\u2500\u2500\u2500\u2500\u2500\u2500\u2500\u2500\u2500\u2500\u2500\u2500\u2500\u2500\u2500\u2500\u2500\u2500\u2500\u2500\u2500\u2500\u2500\u2500\u2500\u2500\u2500\u2500\u2500\u2500\u2500\u2500\u2500\u2500\u2500\u2500\u2500\u2500\u2500\u2500\u2500\u2500\u2500\u2500\u2500\u2500\u2500\u2500\u2500\u2500\u2500\u2500\u2500\u2500\u2500\u2500\u2500\u2500\u2500\u2500\u2500\u2500\u2500\u2500\u2500\u2500\u2500\u2500\u2500\u2500\u2500
IndexError: list index out of range
[?1049h[?1000h[?1003h[?1015h[?1006h[?25l[?1004h[>1u[?2004h[?2004l[?1000l[?1003l[?1015l[?1006l[<u[?1049l[?25h[?1004l[?1000l[?1003l[?1015l[?1006l
